
╭──────────────────────────────────────────────────────────────────────────────────────────────────────────────╮
│ Transaction Data                                                                                             │
├──────────────────────────────────────────────────────────────────────────────────────────────────────────────┤
│ Sender: 0xfef178223761ae8c347f9fdf6e283f0e04ffa428c7d3c1399f5e225b19094e20                                   │
│ Gas Owner: 0xfef178223761ae8c347f9fdf6e283f0e04ffa428c7d3c1399f5e225b19094e20                                │
│ Gas Budget: 2000000000 MIST                                                                                  │
│ Gas Price: 1000 MIST                                                                                         │
│ Gas Payment:                                                                                                 │
│  ┌──                                                                                                         │
│  │ ID: 0x10c5eed417ad5c6f0c971d5ae2492b1d5297258efae0f4ff0535dd9dd679e5f2                                    │
│  │ Version: 236167423                                                                                        │
│  │ Digest: 9HLzp4PQ2DRKPap8LNRpUZy23Re6xaDV172YFKoM81Cw                                                      │
│  └──                                                                                                         │
│                                                                                                              │
│ Transaction Kind: Programmable                                                                               │
│ ╭──────────────────────────────────────────────────────────────────────────────────────────────────────────╮ │
│ │ Input Objects                                                                                            │ │
│ ├──────────────────────────────────────────────────────────────────────────────────────────────────────────┤ │
│ │ 0   Pure Arg: Type: address, Value: "0xfef178223761ae8c347f9fdf6e283f0e04ffa428c7d3c1399f5e225b19094e20" │ │
│ ╰──────────────────────────────────────────────────────────────────────────────────────────────────────────╯ │
│ ╭─────────────────────────────────────────────────────────────────────────╮                                  │
│ │ Commands                                                                │                                  │
│ ├─────────────────────────────────────────────────────────────────────────┤                                  │
│ │ 0  Publish:                                                             │                                  │
│ │  ┌                                                                      │                                  │
│ │  │ Dependencies:                                                        │                                  │
│ │  │   0x0000000000000000000000000000000000000000000000000000000000000001 │                                  │
│ │  │   0xabf837e98c26087cba0883c0a7a28326b1fa3c5e1e2c5abdb486f9e8f594c837 │                                  │
│ │  │   0x0000000000000000000000000000000000000000000000000000000000000002 │                                  │
│ │  │   0xf47329f4344f3bf0f8e436e2f7b485466cff300f12a166563995d3888c296a94 │                                  │
│ │  └                                                                      │                                  │
│ │                                                                         │                                  │
│ │ 1  TransferObjects:                                                     │                                  │
│ │  ┌                                                                      │                                  │
│ │  │ Arguments:                                                           │                                  │
│ │  │   Result 0                                                           │                                  │
│ │  │ Address: Input  0                                                    │                                  │
│ │  └                                                                      │                                  │
│ ╰─────────────────────────────────────────────────────────────────────────╯                                  │
│                                                                                                              │
│ Signatures:                                                                                                  │
│    7+ZctQMpeosOYaaiGhdaWkgoeiBT0mCFuCTVpV2H51B3XOkzjegUBtdscnawM/veS6O+k3f5orzto4qDxv8dAw==                  │
│                                                                                                              │
╰──────────────────────────────────────────────────────────────────────────────────────────────────────────────╯
╭───────────────────────────────────────────────────────────────────────────────────────────────────╮
│ Transaction Effects                                                                               │
├───────────────────────────────────────────────────────────────────────────────────────────────────┤
│ Digest: BomBRFG5WFJcdn9Up1zyGnzssFToFgmhhweAuC1TE7Fx                                              │
│ Status: Success                                                                                   │
│ Executed Epoch: 561                                                                               │
│                                                                                                   │
│ Created Objects:                                                                                  │
│  ┌──                                                                                              │
│  │ ID: 0x239b2649420b1f0755ebfd02499334c7696bbea3103f3559d43b40b1dfc87d35                         │
│  │ Owner: Account Address ( 0xfef178223761ae8c347f9fdf6e283f0e04ffa428c7d3c1399f5e225b19094e20 )  │
│  │ Version: 236167424                                                                             │
│  │ Digest: sBwkkznohTMm4J8CC9ZK14V8APMioGRupmCMCpgZokE                                            │
│  └──                                                                                              │
│  ┌──                                                                                              │
│  │ ID: 0x649438a36741a56478940edaf275af22e079582c5ef1c734ea484f4b46d4f770                         │
│  │ Owner: Account Address ( 0xfef178223761ae8c347f9fdf6e283f0e04ffa428c7d3c1399f5e225b19094e20 )  │
│  │ Version: 236167424                                                                             │
│  │ Digest: 4NJ5NSwFCQi98PpJr7hZgcRKgT2ULNjbQjubxgQkELqJ                                           │
│  └──                                                                                              │
│  ┌──                                                                                              │
│  │ ID: 0xb1fac8634cba8e1ef1761474ce3f97f7610ecfeb3c44aba0ae9b7cb162278c3e                         │
│  │ Owner: Shared( 236167424 )                                                                     │
│  │ Version: 236167424                                                                             │
│  │ Digest: 91wkHnvsjE428Be2N3fKKpSCiw68fdkRh48QmtvwkbrN                                           │
│  └──                                                                                              │
│  ┌──                                                                                              │
│  │ ID: 0xb991adbaf821be7c1a91b14314133a0b2e2e8171b522320d2867096255fedef1                         │
│  │ Owner: Account Address ( 0xfef178223761ae8c347f9fdf6e283f0e04ffa428c7d3c1399f5e225b19094e20 )  │
│  │ Version: 236167424                                                                             │
│  │ Digest: BhdAS7eMF9scgkSsZUd1rnDJ42YotSq1LZfML9o9Pt45                                           │
│  └──                                                                                              │
│  ┌──                                                                                              │
│  │ ID: 0xbd9cf711fbb53d5e8693500a96894e9d4a75c7af709f9d1ad86eb760c86577a3                         │
│  │ Owner: Account Address ( 0xfef178223761ae8c347f9fdf6e283f0e04ffa428c7d3c1399f5e225b19094e20 )  │
│  │ Version: 236167424                                                                             │
│  │ Digest: BUmV6invfZCLK4BdgvFkpQZdtN1SVEzsFJRjwg5VPKbe                                           │
│  └──                                                                                              │
│  ┌──                                                                                              │
│  │ ID: 0xeffa6b5346dc10f9b5d75c38b77d77ce92815d0abf489c6889499ec3524ad389                         │
│  │ Owner: Immutable                                                                               │
│  │ Version: 1                                                                                     │
│  │ Digest: HCyqqwrUNkvs8wpiHGnxbd9ZnnjwFXSmDMbEZLM77Mhw                                           │
│  └──                                                                                              │
│ Mutated Objects:                                                                                  │
│  ┌──                                                                                              │
│  │ ID: 0x10c5eed417ad5c6f0c971d5ae2492b1d5297258efae0f4ff0535dd9dd679e5f2                         │
│  │ Owner: Account Address ( 0xfef178223761ae8c347f9fdf6e283f0e04ffa428c7d3c1399f5e225b19094e20 )  │
│  │ Version: 236167424                                                                             │
│  │ Digest: 5AEuNC2E89r6wmn9nuASZUPuGaw1KsxBpYmdCiDyJQ8i                                           │
│  └──                                                                                              │
│ Gas Object:                                                                                       │
│  ┌──                                                                                              │
│  │ ID: 0x10c5eed417ad5c6f0c971d5ae2492b1d5297258efae0f4ff0535dd9dd679e5f2                         │
│  │ Owner: Account Address ( 0xfef178223761ae8c347f9fdf6e283f0e04ffa428c7d3c1399f5e225b19094e20 )  │
│  │ Version: 236167424                                                                             │
│  │ Digest: 5AEuNC2E89r6wmn9nuASZUPuGaw1KsxBpYmdCiDyJQ8i                                           │
│  └──                                                                                              │
│ Gas Cost Summary:                                                                                 │
│    Storage Cost: 187058800 MIST                                                                   │
│    Computation Cost: 3000000 MIST                                                                 │
│    Storage Rebate: 978120 MIST                                                                    │
│    Non-refundable Storage Fee: 9880 MIST                                                          │
│                                                                                                   │
│ Transaction Dependencies:                                                                         │
│    BF2e72MvTgXtwCcf3fJ2Ai89nYhbiR5P3sCxUjcCsjAJ                                                   │
│    CNmS7baTJffHBw3XE4xhYVQfEX5JzWFFRsiEh2XWL44K                                                   │
│    ESVRYaktXKnh8wWPvFUe9kT9s8r5krk79FUNhemmyxhC                                                   │
│    GMBJA2gEEvtwv1wGGT7ZEDkQdrmUTKaE4TeinNGQ2feC                                                   │
╰───────────────────────────────────────────────────────────────────────────────────────────────────╯
╭─────────────────────────────╮
│ No transaction block events │
╰─────────────────────────────╯

╭──────────────────────────────────────────────────────────────────────────────────────────────────────────────────────────────────────────────────╮
│ Object Changes                                                                                                                                   │
├──────────────────────────────────────────────────────────────────────────────────────────────────────────────────────────────────────────────────┤
│ Created Objects:                                                                                                                                 │
│  ┌──                                                                                                                                             │
│  │ ObjectID: 0x239b2649420b1f0755ebfd02499334c7696bbea3103f3559d43b40b1dfc87d35                                                                  │
│  │ Sender: 0xfef178223761ae8c347f9fdf6e283f0e04ffa428c7d3c1399f5e225b19094e20                                                                    │
│  │ Owner: Account Address ( 0xfef178223761ae8c347f9fdf6e283f0e04ffa428c7d3c1399f5e225b19094e20 )                                                 │
│  │ ObjectType: 0x2::package::UpgradeCap                                                                                                          │
│  │ Version: 236167424                                                                                                                            │
│  │ Digest: sBwkkznohTMm4J8CC9ZK14V8APMioGRupmCMCpgZokE                                                                                           │
│  └──                                                                                                                                             │
│  ┌──                                                                                                                                             │
│  │ ObjectID: 0x649438a36741a56478940edaf275af22e079582c5ef1c734ea484f4b46d4f770                                                                  │
│  │ Sender: 0xfef178223761ae8c347f9fdf6e283f0e04ffa428c7d3c1399f5e225b19094e20                                                                    │
│  │ Owner: Account Address ( 0xfef178223761ae8c347f9fdf6e283f0e04ffa428c7d3c1399f5e225b19094e20 )                                                 │
│  │ ObjectType: 0xeffa6b5346dc10f9b5d75c38b77d77ce92815d0abf489c6889499ec3524ad389::operator::OperatorCap                                         │
│  │ Version: 236167424                                                                                                                            │
│  │ Digest: 4NJ5NSwFCQi98PpJr7hZgcRKgT2ULNjbQjubxgQkELqJ                                                                                          │
│  └──                                                                                                                                             │
│  ┌──                                                                                                                                             │
│  │ ObjectID: 0xb1fac8634cba8e1ef1761474ce3f97f7610ecfeb3c44aba0ae9b7cb162278c3e                                                                  │
│  │ Sender: 0xfef178223761ae8c347f9fdf6e283f0e04ffa428c7d3c1399f5e225b19094e20                                                                    │
│  │ Owner: Shared( 236167424 )                                                                                                                    │
│  │ ObjectType: 0xeffa6b5346dc10f9b5d75c38b77d77ce92815d0abf489c6889499ec3524ad389::version::Version                                              │
│  │ Version: 236167424                                                                                                                            │
│  │ Digest: 91wkHnvsjE428Be2N3fKKpSCiw68fdkRh48QmtvwkbrN                                                                                          │
│  └──                                                                                                                                             │
│  ┌──                                                                                                                                             │
│  │ ObjectID: 0xb991adbaf821be7c1a91b14314133a0b2e2e8171b522320d2867096255fedef1                                                                  │
│  │ Sender: 0xfef178223761ae8c347f9fdf6e283f0e04ffa428c7d3c1399f5e225b19094e20                                                                    │
│  │ Owner: Account Address ( 0xfef178223761ae8c347f9fdf6e283f0e04ffa428c7d3c1399f5e225b19094e20 )                                                 │
│  │ ObjectType: 0xeffa6b5346dc10f9b5d75c38b77d77ce92815d0abf489c6889499ec3524ad389::version::VersionCap                                           │
│  │ Version: 236167424                                                                                                                            │
│  │ Digest: BhdAS7eMF9scgkSsZUd1rnDJ42YotSq1LZfML9o9Pt45                                                                                          │
│  └──                                                                                                                                             │
│  ┌──                                                                                                                                             │
│  │ ObjectID: 0xbd9cf711fbb53d5e8693500a96894e9d4a75c7af709f9d1ad86eb760c86577a3                                                                  │
│  │ Sender: 0xfef178223761ae8c347f9fdf6e283f0e04ffa428c7d3c1399f5e225b19094e20                                                                    │
│  │ Owner: Account Address ( 0xfef178223761ae8c347f9fdf6e283f0e04ffa428c7d3c1399f5e225b19094e20 )                                                 │
│  │ ObjectType: 0xeffa6b5346dc10f9b5d75c38b77d77ce92815d0abf489c6889499ec3524ad389::admin::AdminCap                                               │
│  │ Version: 236167424                                                                                                                            │
│  │ Digest: BUmV6invfZCLK4BdgvFkpQZdtN1SVEzsFJRjwg5VPKbe                                                                                          │
│  └──                                                                                                                                             │
│ Mutated Objects:                                                                                                                                 │
│  ┌──                                                                                                                                             │
│  │ ObjectID: 0x10c5eed417ad5c6f0c971d5ae2492b1d5297258efae0f4ff0535dd9dd679e5f2                                                                  │
│  │ Sender: 0xfef178223761ae8c347f9fdf6e283f0e04ffa428c7d3c1399f5e225b19094e20                                                                    │
│  │ Owner: Account Address ( 0xfef178223761ae8c347f9fdf6e283f0e04ffa428c7d3c1399f5e225b19094e20 )                                                 │
│  │ ObjectType: 0x2::coin::Coin<0x2::sui::SUI>                                                                                                    │
│  │ Version: 236167424                                                                                                                            │
│  │ Digest: 5AEuNC2E89r6wmn9nuASZUPuGaw1KsxBpYmdCiDyJQ8i                                                                                          │
│  └──                                                                                                                                             │
│ Published Objects:                                                                                                                               │
│  ┌──                                                                                                                                             │
│  │ PackageID: 0xeffa6b5346dc10f9b5d75c38b77d77ce92815d0abf489c6889499ec3524ad389                                                                 │
│  │ Version: 1                                                                                                                                    │
│  │ Digest: HCyqqwrUNkvs8wpiHGnxbd9ZnnjwFXSmDMbEZLM77Mhw                                                                                          │
│  │ Modules: admin, asset_tier, configuration, custodian, loan, loan_registry, offer, offer_registry, operator, price_feed, state, utils, version │
│  └──                                                                                                                                             │
╰──────────────────────────────────────────────────────────────────────────────────────────────────────────────────────────────────────────────────╯
╭───────────────────────────────────────────────────────────────────────────────────────────────────╮
│ Balance Changes                                                                                   │
├───────────────────────────────────────────────────────────────────────────────────────────────────┤
│  ┌──                                                                                              │
│  │ Owner: Account Address ( 0xfef178223761ae8c347f9fdf6e283f0e04ffa428c7d3c1399f5e225b19094e20 )  │
│  │ CoinType: 0x2::sui::SUI                                                                        │
│  │ Amount: -189080680                                                                             │
│  └──                                                                                              │
╰───────────────────────────────────────────────────────────────────────────────────────────────────╯
